[0m21:37:31.456963 [debug] [MainThread]: Sending event: {'category': 'dbt', 'action': 'invocation', 'label': 'start', 'context': [<snowplow_tracker.self_describing_json.SelfDescribingJson object at 0x10a52fd70>, <snowplow_tracker.self_describing_json.SelfDescribingJson object at 0x10a370c50>, <snowplow_tracker.self_describing_json.SelfDescribingJson object at 0x10a371520>]}


============================== 21:37:31.459260 | 57c78090-73b3-46e6-adac-671ff7c5c579 ==============================
[0m21:37:31.459260 [info ] [MainThread]: Running with dbt=1.11.7
[0m21:37:31.459486 [debug] [MainThread]: running dbt with arguments {'quiet': 'False', 'fail_fast': 'False', 'use_colors': 'True', 'printer_width': '80', 'write_json': 'True', 'static_parser': 'True', 'introspect': 'True', 'send_anonymous_usage_stats': 'True', 'log_path': 'logs', 'cache_selected_only': 'False', 'invocation_command': 'dbt init financial_pipeline', 'use_experimental_parser': 'False', 'debug': 'False', 'profiles_dir': '/Users/fabio/.dbt', 'target_path': 'None', 'empty': 'None', 'warn_error_options': 'WarnErrorOptionsV2(error=[], warn=[], silence=[])', 'log_format': 'default', 'warn_error': 'None', 'no_print': 'None', 'indirect_selection': 'eager', 'partial_parse': 'True', 'log_cache_events': 'False', 'version_check': 'True'}
[0m21:37:31.465565 [info ] [MainThread]: Creating dbt configuration folder at /Users/fabio/.dbt
[0m21:37:31.466250 [debug] [MainThread]: Starter project path: /Users/fabio/projects/financial-pipeline/.venv/lib/python3.12/site-packages/dbt/include/starter_project
[0m21:37:31.468849 [info ] [MainThread]: 
Your new dbt project "financial_pipeline" was created!

For more information on how to configure the profiles.yml file,
please consult the dbt documentation here:

  https://docs.getdbt.com/docs/configure-your-profile

One more thing:

Need help? Don't hesitate to reach out to us via GitHub issues or on Slack:

  https://community.getdbt.com/

Happy modeling!

[0m21:37:31.468977 [info ] [MainThread]: Setting up your profile.
[0m21:37:43.071318 [info ] [MainThread]: Profile financial_pipeline written to /Users/fabio/.dbt/profiles.yml using target's sample configuration. Once updated, you'll be able to start developing with dbt.
[0m21:37:43.073053 [debug] [MainThread]: Resource report: {"command_name": "init", "command_success": true, "command_wall_clock_time": 11.64325, "process_in_blocks": "0", "process_kernel_time": 0.124282, "process_mem_max_rss": "132317184", "process_out_blocks": "0", "process_user_time": 0.638919}
[0m21:37:43.073327 [debug] [MainThread]: Command `dbt init` succeeded at 21:37:43.073266 after 11.64 seconds
[0m21:37:43.073520 [debug] [MainThread]: Sending event: {'category': 'dbt', 'action': 'invocation', 'label': 'end', 'context': [<snowplow_tracker.self_describing_json.SelfDescribingJson object at 0x10b1113a0>, <snowplow_tracker.self_describing_json.SelfDescribingJson object at 0x10b4b7620>, <snowplow_tracker.self_describing_json.SelfDescribingJson object at 0x10a370c50>]}
[0m21:37:43.073700 [debug] [MainThread]: Flushing usage events
[0m21:37:43.285515 [debug] [MainThread]: An error was encountered while trying to flush usage events
